

Started GET "/" for 127.0.0.1 at 2014-06-07 13:06:56 -0700
Connecting to database specified by database.yml
Processing by ActivitiesController#index as HTML
  Rendered activities/index.html.erb within layouts/application (2.1ms)
Compiled application.css  (0ms)  (pid 15447)
Compiled jquery.js  (2ms)  (pid 15447)
Compiled jquery_ujs.js  (0ms)  (pid 15447)
Compiled application.js  (29ms)  (pid 15447)
Completed 200 OK in 109ms (Views: 109.1ms | ActiveRecord: 0.0ms)


Started GET "/assets/application.css?body=1" for 127.0.0.1 at 2014-06-07 13:06:56 -0700
Served asset /application.css - 200 OK (2ms)


Started GET "/assets/jquery.js?body=1" for 127.0.0.1 at 2014-06-07 13:06:56 -0700
Served asset /jquery.js - 200 OK (3ms)


Started GET "/assets/application.js?body=1" for 127.0.0.1 at 2014-06-07 13:06:56 -0700
Served asset /application.js - 200 OK (6ms)


Started GET "/assets/jquery_ujs.js?body=1" for 127.0.0.1 at 2014-06-07 13:06:56 -0700
Served asset /jquery_ujs.js - 200 OK (1ms)


Started GET "/" for 127.0.0.1 at 2014-06-07 13:09:17 -0700
Processing by ActivitiesController#index as HTML
  Rendered activities/index.html.erb within layouts/application (0.0ms)
ERROR: compiling _app_views_layouts_application_html_erb__4323994506295214281_70301950758600 RAISED /Users/apprentice/Desktop/sunday/sundayadventure/app/views/layouts/application.html.erb:24: syntax error, unexpected tLABEL
...output_buffer.append= ( render: 'shared/header' );@output_bu...
...                               ^
Function body:           def _app_views_layouts_application_html_erb__4323994506295214281_70301950758600(local_assigns, output_buffer)
            _old_virtual_path, @virtual_path = @virtual_path, "layouts/application";_old_output_buffer = @output_buffer;;@output_buffer = output_buffer || ActionView::OutputBuffer.new;@output_buffer.safe_concat('<!DOCTYPE html>
<html>
<head>
  <title>Sundayadventure</title>
  ');@output_buffer.append= ( stylesheet_link_tag    "application", :media => "all" );@output_buffer.safe_concat('
');@output_buffer.safe_concat('  ');@output_buffer.append= ( javascript_include_tag "application" );@output_buffer.safe_concat('
');@output_buffer.safe_concat('  ');@output_buffer.append= ( csrf_meta_tags );@output_buffer.safe_concat('
');@output_buffer.safe_concat('  <script src="https://ajax.googleapis.com/ajax/libs/jquery/1.11.0/jquery.min.js"></script>

  <link rel="stylesheet" href="http://netdna.bootstrapcdn.com/bootstrap/3.1.1/css/bootstrap.min.css">
  <link rel="stylesheet" href="http://netdna.bootstrapcdn.com/bootstrap/3.1.1/css/bootstrap-theme.min.css">
  <script src="http://netdna.bootstrapcdn.com/bootstrap/3.1.1/js/bootstrap.min.js"></script>

  <link rel="stylesheet" type="text/css" href="style.css">
  <script type="text/javascript" src="activity_controller.js"></script>
  <!-- HTML5 Shim and Respond.js IE8 support of HTML5 elements and media queries -->
  <!-- WARNING: Respond.js doesn\'t work if you view the page via file:// -->
    <!--[if lt IE 9]>
      <script src="https://oss.maxcdn.com/libs/html5shiv/3.7.0/html5shiv.js"></script>
      <script src="https://oss.maxcdn.com/libs/respond.js/1.4.2/respond.min.js"></script>
      <![endif]-->
</head>
<body>
');@output_buffer.append= ( render: 'shared/header' );@output_buffer.safe_concat('
');@output_buffer.append= ( yield );@output_buffer.safe_concat('
');@output_buffer.safe_concat('
</body>
</html>
');@output_buffer.to_s
          ensure
            @virtual_path, @output_buffer = _old_virtual_path, _old_output_buffer
          end

Backtrace: /Users/apprentice/.rvm/gems/ruby-1.9.3-p448/gems/actionpack-3.2.14/lib/action_view/template.rb:297:in `module_eval'
/Users/apprentice/.rvm/gems/ruby-1.9.3-p448/gems/actionpack-3.2.14/lib/action_view/template.rb:297:in `compile'
/Users/apprentice/.rvm/gems/ruby-1.9.3-p448/gems/actionpack-3.2.14/lib/action_view/template.rb:244:in `block in compile!'
<internal:prelude>:10:in `synchronize'
/Users/apprentice/.rvm/gems/ruby-1.9.3-p448/gems/actionpack-3.2.14/lib/action_view/template.rb:232:in `compile!'
/Users/apprentice/.rvm/gems/ruby-1.9.3-p448/gems/actionpack-3.2.14/lib/action_view/template.rb:144:in `block in render'
/Users/apprentice/.rvm/gems/ruby-1.9.3-p448/gems/activesupport-3.2.14/lib/active_support/notifications.rb:125:in `instrument'
/Users/apprentice/.rvm/gems/ruby-1.9.3-p448/gems/actionpack-3.2.14/lib/action_view/template.rb:143:in `render'
/Users/apprentice/.rvm/gems/ruby-1.9.3-p448/gems/actionpack-3.2.14/lib/action_view/renderer/template_renderer.rb:60:in `render_with_layout'
/Users/apprentice/.rvm/gems/ruby-1.9.3-p448/gems/actionpack-3.2.14/lib/action_view/renderer/template_renderer.rb:46:in `render_template'
/Users/apprentice/.rvm/gems/ruby-1.9.3-p448/gems/actionpack-3.2.14/lib/action_view/renderer/template_renderer.rb:19:in `render'
/Users/apprentice/.rvm/gems/ruby-1.9.3-p448/gems/actionpack-3.2.14/lib/action_view/renderer/renderer.rb:36:in `render_template'
/Users/apprentice/.rvm/gems/ruby-1.9.3-p448/gems/actionpack-3.2.14/lib/action_view/renderer/renderer.rb:17:in `render'
/Users/apprentice/.rvm/gems/ruby-1.9.3-p448/gems/actionpack-3.2.14/lib/abstract_controller/rendering.rb:110:in `_render_template'
/Users/apprentice/.rvm/gems/ruby-1.9.3-p448/gems/actionpack-3.2.14/lib/action_controller/metal/streaming.rb:225:in `_render_template'
/Users/apprentice/.rvm/gems/ruby-1.9.3-p448/gems/actionpack-3.2.14/lib/abstract_controller/rendering.rb:103:in `render_to_body'
/Users/apprentice/.rvm/gems/ruby-1.9.3-p448/gems/actionpack-3.2.14/lib/action_controller/metal/renderers.rb:28:in `render_to_body'
/Users/apprentice/.rvm/gems/ruby-1.9.3-p448/gems/actionpack-3.2.14/lib/action_controller/metal/compatibility.rb:50:in `render_to_body'
/Users/apprentice/.rvm/gems/ruby-1.9.3-p448/gems/actionpack-3.2.14/lib/abstract_controller/rendering.rb:88:in `render'
/Users/apprentice/.rvm/gems/ruby-1.9.3-p448/gems/actionpack-3.2.14/lib/action_controller/metal/rendering.rb:16:in `render'
/Users/apprentice/.rvm/gems/ruby-1.9.3-p448/gems/actionpack-3.2.14/lib/action_controller/metal/instrumentation.rb:40:in `block (2 levels) in render'
/Users/apprentice/.rvm/gems/ruby-1.9.3-p448/gems/activesupport-3.2.14/lib/active_support/core_ext/benchmark.rb:5:in `block in ms'
/Users/apprentice/.rvm/rubies/ruby-1.9.3-p448/lib/ruby/1.9.1/benchmark.rb:295:in `realtime'
/Users/apprentice/.rvm/gems/ruby-1.9.3-p448/gems/activesupport-3.2.14/lib/active_support/core_ext/benchmark.rb:5:in `ms'
/Users/apprentice/.rvm/gems/ruby-1.9.3-p448/gems/actionpack-3.2.14/lib/action_controller/metal/instrumentation.rb:40:in `block in render'
/Users/apprentice/.rvm/gems/ruby-1.9.3-p448/gems/actionpack-3.2.14/lib/action_controller/metal/instrumentation.rb:83:in `cleanup_view_runtime'
/Users/apprentice/.rvm/gems/ruby-1.9.3-p448/gems/activerecord-3.2.14/lib/active_record/railties/controller_runtime.rb:24:in `cleanup_view_runtime'
/Users/apprentice/.rvm/gems/ruby-1.9.3-p448/gems/actionpack-3.2.14/lib/action_controller/metal/instrumentation.rb:39:in `render'
/Users/apprentice/.rvm/gems/ruby-1.9.3-p448/gems/actionpack-3.2.14/lib/action_controller/metal/implicit_render.rb:10:in `default_render'
/Users/apprentice/.rvm/gems/ruby-1.9.3-p448/gems/actionpack-3.2.14/lib/action_controller/metal/implicit_render.rb:5:in `send_action'
/Users/apprentice/.rvm/gems/ruby-1.9.3-p448/gems/actionpack-3.2.14/lib/abstract_controller/base.rb:167:in `process_action'
/Users/apprentice/.rvm/gems/ruby-1.9.3-p448/gems/actionpack-3.2.14/lib/action_controller/metal/rendering.rb:10:in `process_action'
/Users/apprentice/.rvm/gems/ruby-1.9.3-p448/gems/actionpack-3.2.14/lib/abstract_controller/callbacks.rb:18:in `block in process_action'
/Users/apprentice/.rvm/gems/ruby-1.9.3-p448/gems/activesupport-3.2.14/lib/active_support/callbacks.rb:414:in `_run__2203658761094094899__process_action__1007860023795657454__callbacks'
/Users/apprentice/.rvm/gems/ruby-1.9.3-p448/gems/activesupport-3.2.14/lib/active_support/callbacks.rb:405:in `__run_callback'
/Users/apprentice/.rvm/gems/ruby-1.9.3-p448/gems/activesupport-3.2.14/lib/active_support/callbacks.rb:385:in `_run_process_action_callbacks'
/Users/apprentice/.rvm/gems/ruby-1.9.3-p448/gems/activesupport-3.2.14/lib/active_support/callbacks.rb:81:in `run_callbacks'
/Users/apprentice/.rvm/gems/ruby-1.9.3-p448/gems/actionpack-3.2.14/lib/abstract_controller/callbacks.rb:17:in `process_action'
/Users/apprentice/.rvm/gems/ruby-1.9.3-p448/gems/actionpack-3.2.14/lib/action_controller/metal/rescue.rb:29:in `process_action'
/Users/apprentice/.rvm/gems/ruby-1.9.3-p448/gems/actionpack-3.2.14/lib/action_controller/metal/instrumentation.rb:30:in `block in process_action'
/Users/apprentice/.rvm/gems/ruby-1.9.3-p448/gems/activesupport-3.2.14/lib/active_support/notifications.rb:123:in `block in instrument'
/Users/apprentice/.rvm/gems/ruby-1.9.3-p448/gems/activesupport-3.2.14/lib/active_support/notifications/instrumenter.rb:20:in `instrument'
/Users/apprentice/.rvm/gems/ruby-1.9.3-p448/gems/activesupport-3.2.14/lib/active_support/notifications.rb:123:in `instrument'
/Users/apprentice/.rvm/gems/ruby-1.9.3-p448/gems/actionpack-3.2.14/lib/action_controller/metal/instrumentation.rb:29:in `process_action'
/Users/apprentice/.rvm/gems/ruby-1.9.3-p448/gems/actionpack-3.2.14/lib/action_controller/metal/params_wrapper.rb:207:in `process_action'
/Users/apprentice/.rvm/gems/ruby-1.9.3-p448/gems/activerecord-3.2.14/lib/active_record/railties/controller_runtime.rb:18:in `process_action'
/Users/apprentice/.rvm/gems/ruby-1.9.3-p448/gems/actionpack-3.2.14/lib/abstract_controller/base.rb:121:in `process'
/Users/apprentice/.rvm/gems/ruby-1.9.3-p448/gems/actionpack-3.2.14/lib/abstract_controller/rendering.rb:45:in `process'
/Users/apprentice/.rvm/gems/ruby-1.9.3-p448/gems/actionpack-3.2.14/lib/action_controller/metal.rb:203:in `dispatch'
/Users/apprentice/.rvm/gems/ruby-1.9.3-p448/gems/actionpack-3.2.14/lib/action_controller/metal/rack_delegation.rb:14:in `dispatch'
/Users/apprentice/.rvm/gems/ruby-1.9.3-p448/gems/actionpack-3.2.14/lib/action_controller/metal.rb:246:in `block in action'
/Users/apprentice/.rvm/gems/ruby-1.9.3-p448/gems/actionpack-3.2.14/lib/action_dispatch/routing/route_set.rb:73:in `call'
/Users/apprentice/.rvm/gems/ruby-1.9.3-p448/gems/actionpack-3.2.14/lib/action_dispatch/routing/route_set.rb:73:in `dispatch'
/Users/apprentice/.rvm/gems/ruby-1.9.3-p448/gems/actionpack-3.2.14/lib/action_dispatch/routing/route_set.rb:36:in `call'
/Users/apprentice/.rvm/gems/ruby-1.9.3-p448/gems/journey-1.0.4/lib/journey/router.rb:68:in `block in call'
/Users/apprentice/.rvm/gems/ruby-1.9.3-p448/gems/journey-1.0.4/lib/journey/router.rb:56:in `each'
/Users/apprentice/.rvm/gems/ruby-1.9.3-p448/gems/journey-1.0.4/lib/journey/router.rb:56:in `call'
/Users/apprentice/.rvm/gems/ruby-1.9.3-p448/gems/actionpack-3.2.14/lib/action_dispatch/routing/route_set.rb:608:in `call'
/Users/apprentice/.rvm/gems/ruby-1.9.3-p448/gems/actionpack-3.2.14/lib/action_dispatch/middleware/best_standards_support.rb:17:in `call'
/Users/apprentice/.rvm/gems/ruby-1.9.3-p448/gems/rack-1.4.5/lib/rack/etag.rb:23:in `call'
/Users/apprentice/.rvm/gems/ruby-1.9.3-p448/gems/rack-1.4.5/lib/rack/conditionalget.rb:25:in `call'
/Users/apprentice/.rvm/gems/ruby-1.9.3-p448/gems/actionpack-3.2.14/lib/action_dispatch/middleware/head.rb:14:in `call'
/Users/apprentice/.rvm/gems/ruby-1.9.3-p448/gems/actionpack-3.2.14/lib/action_dispatch/middleware/params_parser.rb:21:in `call'
/Users/apprentice/.rvm/gems/ruby-1.9.3-p448/gems/actionpack-3.2.14/lib/action_dispatch/middleware/flash.rb:242:in `call'
/Users/apprentice/.rvm/gems/ruby-1.9.3-p448/gems/rack-1.4.5/lib/rack/session/abstract/id.rb:210:in `context'
/Users/apprentice/.rvm/gems/ruby-1.9.3-p448/gems/rack-1.4.5/lib/rack/session/abstract/id.rb:205:in `call'
/Users/apprentice/.rvm/gems/ruby-1.9.3-p448/gems/actionpack-3.2.14/lib/action_dispatch/middleware/cookies.rb:341:in `call'
/Users/apprentice/.rvm/gems/ruby-1.9.3-p448/gems/activerecord-3.2.14/lib/active_record/query_cache.rb:64:in `call'
/Users/apprentice/.rvm/gems/ruby-1.9.3-p448/gems/activerecord-3.2.14/lib/active_record/connection_adapters/abstract/connection_pool.rb:479:in `call'
/Users/apprentice/.rvm/gems/ruby-1.9.3-p448/gems/actionpack-3.2.14/lib/action_dispatch/middleware/callbacks.rb:28:in `block in call'
/Users/apprentice/.rvm/gems/ruby-1.9.3-p448/gems/activesupport-3.2.14/lib/active_support/callbacks.rb:405:in `_run__293168123025122643__call__1522392279111766944__callbacks'
/Users/apprentice/.rvm/gems/ruby-1.9.3-p448/gems/activesupport-3.2.14/lib/active_support/callbacks.rb:405:in `__run_callback'
/Users/apprentice/.rvm/gems/ruby-1.9.3-p448/gems/activesupport-3.2.14/lib/active_support/callbacks.rb:385:in `_run_call_callbacks'
/Users/apprentice/.rvm/gems/ruby-1.9.3-p448/gems/activesupport-3.2.14/lib/active_support/callbacks.rb:81:in `run_callbacks'
/Users/apprentice/.rvm/gems/ruby-1.9.3-p448/gems/actionpack-3.2.14/lib/action_dispatch/middleware/callbacks.rb:27:in `call'
/Users/apprentice/.rvm/gems/ruby-1.9.3-p448/gems/actionpack-3.2.14/lib/action_dispatch/middleware/reloader.rb:65:in `call'
/Users/apprentice/.rvm/gems/ruby-1.9.3-p448/gems/actionpack-3.2.14/lib/action_dispatch/middleware/remote_ip.rb:31:in `call'
/Users/apprentice/.rvm/gems/ruby-1.9.3-p448/gems/better_errors-1.1.0/lib/better_errors/middleware.rb:84:in `protected_app_call'
/Users/apprentice/.rvm/gems/ruby-1.9.3-p448/gems/better_errors-1.1.0/lib/better_errors/middleware.rb:79:in `better_errors_call'
/Users/apprentice/.rvm/gems/ruby-1.9.3-p448/gems/better_errors-1.1.0/lib/better_errors/middleware.rb:56:in `call'
/Users/apprentice/.rvm/gems/ruby-1.9.3-p448/gems/actionpack-3.2.14/lib/action_dispatch/middleware/debug_exceptions.rb:16:in `call'
/Users/apprentice/.rvm/gems/ruby-1.9.3-p448/gems/actionpack-3.2.14/lib/action_dispatch/middleware/show_exceptions.rb:56:in `call'
/Users/apprentice/.rvm/gems/ruby-1.9.3-p448/gems/railties-3.2.14/lib/rails/rack/logger.rb:32:in `call_app'
/Users/apprentice/.rvm/gems/ruby-1.9.3-p448/gems/railties-3.2.14/lib/rails/rack/logger.rb:16:in `block in call'
/Users/apprentice/.rvm/gems/ruby-1.9.3-p448/gems/activesupport-3.2.14/lib/active_support/tagged_logging.rb:22:in `tagged'
/Users/apprentice/.rvm/gems/ruby-1.9.3-p448/gems/railties-3.2.14/lib/rails/rack/logger.rb:16:in `call'
/Users/apprentice/.rvm/gems/ruby-1.9.3-p448/gems/actionpack-3.2.14/lib/action_dispatch/middleware/request_id.rb:22:in `call'
/Users/apprentice/.rvm/gems/ruby-1.9.3-p448/gems/rack-1.4.5/lib/rack/methodoverride.rb:21:in `call'
/Users/apprentice/.rvm/gems/ruby-1.9.3-p448/gems/rack-1.4.5/lib/rack/runtime.rb:17:in `call'
/Users/apprentice/.rvm/gems/ruby-1.9.3-p448/gems/activesupport-3.2.14/lib/active_support/cache/strategy/local_cache.rb:72:in `call'
/Users/apprentice/.rvm/gems/ruby-1.9.3-p448/gems/rack-1.4.5/lib/rack/lock.rb:15:in `call'
/Users/apprentice/.rvm/gems/ruby-1.9.3-p448/gems/actionpack-3.2.14/lib/action_dispatch/middleware/static.rb:63:in `call'
/Users/apprentice/.rvm/gems/ruby-1.9.3-p448/gems/railties-3.2.14/lib/rails/engine.rb:484:in `call'
/Users/apprentice/.rvm/gems/ruby-1.9.3-p448/gems/railties-3.2.14/lib/rails/application.rb:231:in `call'
/Users/apprentice/.rvm/gems/ruby-1.9.3-p448/gems/rack-1.4.5/lib/rack/content_length.rb:14:in `call'
/Users/apprentice/.rvm/gems/ruby-1.9.3-p448/gems/railties-3.2.14/lib/rails/rack/log_tailer.rb:17:in `call'
/Users/apprentice/.rvm/gems/ruby-1.9.3-p448/gems/rack-1.4.5/lib/rack/handler/webrick.rb:59:in `service'
/Users/apprentice/.rvm/rubies/ruby-1.9.3-p448/lib/ruby/1.9.1/webrick/httpserver.rb:138:in `service'
/Users/apprentice/.rvm/rubies/ruby-1.9.3-p448/lib/ruby/1.9.1/webrick/httpserver.rb:94:in `run'
/Users/apprentice/.rvm/rubies/ruby-1.9.3-p448/lib/ruby/1.9.1/webrick/server.rb:191:in `block in start_thread'
Completed 500 Internal Server Error in 18ms

SyntaxError - /Users/apprentice/Desktop/sunday/sundayadventure/app/views/layouts/application.html.erb:24: syntax error, unexpected tLABEL
...output_buffer.append= ( render: 'shared/header' );@output_bu...
...                               ^:
  actionpack (3.2.14) lib/action_view/template.rb:297:in `'
  actionpack (3.2.14) lib/action_view/template.rb:297:in `module_eval'
  actionpack (3.2.14) lib/action_view/template.rb:297:in `compile'
  actionpack (3.2.14) lib/action_view/template.rb:244:in `block in compile!'
  <internal:prelude>:10:in `synchronize'
  actionpack (3.2.14) lib/action_view/template.rb:232:in `compile!'
  actionpack (3.2.14) lib/action_view/template.rb:144:in `block in render'
  activesupport (3.2.14) lib/active_support/notifications.rb:125:in `instrument'
  actionpack (3.2.14) lib/action_view/template.rb:143:in `render'
  actionpack (3.2.14) lib/action_view/renderer/template_renderer.rb:60:in `render_with_layout'
  actionpack (3.2.14) lib/action_view/renderer/template_renderer.rb:46:in `render_template'
  actionpack (3.2.14) lib/action_view/renderer/template_renderer.rb:19:in `render'
  actionpack (3.2.14) lib/action_view/renderer/renderer.rb:36:in `render_template'
  actionpack (3.2.14) lib/action_view/renderer/renderer.rb:17:in `render'
  actionpack (3.2.14) lib/abstract_controller/rendering.rb:110:in `_render_template'
  actionpack (3.2.14) lib/action_controller/metal/streaming.rb:225:in `_render_template'
  actionpack (3.2.14) lib/abstract_controller/rendering.rb:103:in `render_to_body'
  actionpack (3.2.14) lib/action_controller/metal/renderers.rb:28:in `render_to_body'
  actionpack (3.2.14) lib/action_controller/metal/compatibility.rb:50:in `render_to_body'
  actionpack (3.2.14) lib/abstract_controller/rendering.rb:88:in `render'
  actionpack (3.2.14) lib/action_controller/metal/rendering.rb:16:in `render'
  actionpack (3.2.14) lib/action_controller/metal/instrumentation.rb:40:in `block (2 levels) in render'
  activesupport (3.2.14) lib/active_support/core_ext/benchmark.rb:5:in `block in ms'
  /Users/apprentice/.rvm/rubies/ruby-1.9.3-p448/lib/ruby/1.9.1/benchmark.rb:295:in `realtime'
  activesupport (3.2.14) lib/active_support/core_ext/benchmark.rb:5:in `ms'
  actionpack (3.2.14) lib/action_controller/metal/instrumentation.rb:40:in `block in render'
  actionpack (3.2.14) lib/action_controller/metal/instrumentation.rb:83:in `cleanup_view_runtime'
  activerecord (3.2.14) lib/active_record/railties/controller_runtime.rb:24:in `cleanup_view_runtime'
  actionpack (3.2.14) lib/action_controller/metal/instrumentation.rb:39:in `render'
  actionpack (3.2.14) lib/action_controller/metal/implicit_render.rb:10:in `default_render'
  actionpack (3.2.14) lib/action_controller/metal/implicit_render.rb:5:in `send_action'
  actionpack (3.2.14) lib/abstract_controller/base.rb:167:in `process_action'
  actionpack (3.2.14) lib/action_controller/metal/rendering.rb:10:in `process_action'
  actionpack (3.2.14) lib/abstract_controller/callbacks.rb:18:in `block in process_action'
  activesupport (3.2.14) lib/active_support/callbacks.rb:414:in `_run__2203658761094094899__process_action__1007860023795657454__callbacks'
  activesupport (3.2.14) lib/active_support/callbacks.rb:405:in `__run_callback'
  activesupport (3.2.14) lib/active_support/callbacks.rb:385:in `_run_process_action_callbacks'
  activesupport (3.2.14) lib/active_support/callbacks.rb:81:in `run_callbacks'
  actionpack (3.2.14) lib/abstract_controller/callbacks.rb:17:in `process_action'
  actionpack (3.2.14) lib/action_controller/metal/rescue.rb:29:in `process_action'
  actionpack (3.2.14) lib/action_controller/metal/instrumentation.rb:30:in `block in process_action'
  activesupport (3.2.14) lib/active_support/notifications.rb:123:in `block in instrument'
  activesupport (3.2.14) lib/active_support/notifications/instrumenter.rb:20:in `instrument'
  activesupport (3.2.14) lib/active_support/notifications.rb:123:in `instrument'
  actionpack (3.2.14) lib/action_controller/metal/instrumentation.rb:29:in `process_action'
  actionpack (3.2.14) lib/action_controller/metal/params_wrapper.rb:207:in `process_action'
  activerecord (3.2.14) lib/active_record/railties/controller_runtime.rb:18:in `process_action'
  actionpack (3.2.14) lib/abstract_controller/base.rb:121:in `process'
  actionpack (3.2.14) lib/abstract_controller/rendering.rb:45:in `process'
  actionpack (3.2.14) lib/action_controller/metal.rb:203:in `dispatch'
  actionpack (3.2.14) lib/action_controller/metal/rack_delegation.rb:14:in `dispatch'
  actionpack (3.2.14) lib/action_controller/metal.rb:246:in `block in action'
  actionpack (3.2.14) lib/action_dispatch/routing/route_set.rb:73:in `call'
  actionpack (3.2.14) lib/action_dispatch/routing/route_set.rb:73:in `dispatch'
  actionpack (3.2.14) lib/action_dispatch/routing/route_set.rb:36:in `call'
  journey (1.0.4) lib/journey/router.rb:68:in `block in call'
  journey (1.0.4) lib/journey/router.rb:56:in `each'
  journey (1.0.4) lib/journey/router.rb:56:in `call'
  actionpack (3.2.14) lib/action_dispatch/routing/route_set.rb:608:in `call'
  actionpack (3.2.14) lib/action_dispatch/middleware/best_standards_support.rb:17:in `call'
  rack (1.4.5) lib/rack/etag.rb:23:in `call'
  rack (1.4.5) lib/rack/conditionalget.rb:25:in `call'
  actionpack (3.2.14) lib/action_dispatch/middleware/head.rb:14:in `call'
  actionpack (3.2.14) lib/action_dispatch/middleware/params_parser.rb:21:in `call'
  actionpack (3.2.14) lib/action_dispatch/middleware/flash.rb:242:in `call'
  rack (1.4.5) lib/rack/session/abstract/id.rb:210:in `context'
  rack (1.4.5) lib/rack/session/abstract/id.rb:205:in `call'
  actionpack (3.2.14) lib/action_dispatch/middleware/cookies.rb:341:in `call'
  activerecord (3.2.14) lib/active_record/query_cache.rb:64:in `call'
  activerecord (3.2.14) lib/active_record/connection_adapters/abstract/connection_pool.rb:479:in `call'
  actionpack (3.2.14) lib/action_dispatch/middleware/callbacks.rb:28:in `block in call'
  activesupport (3.2.14) lib/active_support/callbacks.rb:405:in `_run__293168123025122643__call__1522392279111766944__callbacks'
  activesupport (3.2.14) lib/active_support/callbacks.rb:405:in `__run_callback'
  activesupport (3.2.14) lib/active_support/callbacks.rb:385:in `_run_call_callbacks'
  activesupport (3.2.14) lib/active_support/callbacks.rb:81:in `run_callbacks'
  actionpack (3.2.14) lib/action_dispatch/middleware/callbacks.rb:27:in `call'
  actionpack (3.2.14) lib/action_dispatch/middleware/reloader.rb:65:in `call'
  actionpack (3.2.14) lib/action_dispatch/middleware/remote_ip.rb:31:in `call'
  better_errors (1.1.0) lib/better_errors/middleware.rb:84:in `protected_app_call'
  better_errors (1.1.0) lib/better_errors/middleware.rb:79:in `better_errors_call'
  better_errors (1.1.0) lib/better_errors/middleware.rb:56:in `call'
  actionpack (3.2.14) lib/action_dispatch/middleware/debug_exceptions.rb:16:in `call'
  actionpack (3.2.14) lib/action_dispatch/middleware/show_exceptions.rb:56:in `call'
  railties (3.2.14) lib/rails/rack/logger.rb:32:in `call_app'
  railties (3.2.14) lib/rails/rack/logger.rb:16:in `block in call'
  activesupport (3.2.14) lib/active_support/tagged_logging.rb:22:in `tagged'
  railties (3.2.14) lib/rails/rack/logger.rb:16:in `call'
  actionpack (3.2.14) lib/action_dispatch/middleware/request_id.rb:22:in `call'
  rack (1.4.5) lib/rack/methodoverride.rb:21:in `call'
  rack (1.4.5) lib/rack/runtime.rb:17:in `call'
  activesupport (3.2.14) lib/active_support/cache/strategy/local_cache.rb:72:in `call'
  rack (1.4.5) lib/rack/lock.rb:15:in `call'
  actionpack (3.2.14) lib/action_dispatch/middleware/static.rb:63:in `call'
  railties (3.2.14) lib/rails/engine.rb:484:in `call'
  railties (3.2.14) lib/rails/application.rb:231:in `call'
  rack (1.4.5) lib/rack/content_length.rb:14:in `call'
  railties (3.2.14) lib/rails/rack/log_tailer.rb:17:in `call'
  rack (1.4.5) lib/rack/handler/webrick.rb:59:in `service'
  /Users/apprentice/.rvm/rubies/ruby-1.9.3-p448/lib/ruby/1.9.1/webrick/httpserver.rb:138:in `service'
  /Users/apprentice/.rvm/rubies/ruby-1.9.3-p448/lib/ruby/1.9.1/webrick/httpserver.rb:94:in `run'
  /Users/apprentice/.rvm/rubies/ruby-1.9.3-p448/lib/ruby/1.9.1/webrick/server.rb:191:in `block in start_thread'



Started POST "/__better_errors/70301928577420/variables" for 127.0.0.1 at 2014-06-07 13:09:17 -0700


Started GET "/" for 127.0.0.1 at 2014-06-07 13:10:42 -0700
Processing by ActivitiesController#index as HTML
  Rendered activities/index.html.erb within layouts/application (0.0ms)
  Rendered shared/_header.html.erb (0.4ms)
Completed 200 OK in 34ms (Views: 33.7ms | ActiveRecord: 0.0ms)


Started GET "/assets/application.css?body=1" for 127.0.0.1 at 2014-06-07 13:10:42 -0700
Served asset /application.css - 304 Not Modified (0ms)


Started GET "/assets/jquery.js?body=1" for 127.0.0.1 at 2014-06-07 13:10:42 -0700
Served asset /jquery.js - 304 Not Modified (0ms)


Started GET "/assets/jquery_ujs.js?body=1" for 127.0.0.1 at 2014-06-07 13:10:42 -0700
Served asset /jquery_ujs.js - 304 Not Modified (0ms)


Started GET "/assets/application.js?body=1" for 127.0.0.1 at 2014-06-07 13:10:42 -0700
Served asset /application.js - 304 Not Modified (0ms)


Started GET "/style.css" for 127.0.0.1 at 2014-06-07 13:10:42 -0700

ActionController::RoutingError (No route matches [GET] "/style.css"):
  actionpack (3.2.14) lib/action_dispatch/middleware/debug_exceptions.rb:21:in `call'
  actionpack (3.2.14) lib/action_dispatch/middleware/show_exceptions.rb:56:in `call'
  railties (3.2.14) lib/rails/rack/logger.rb:32:in `call_app'
  railties (3.2.14) lib/rails/rack/logger.rb:16:in `block in call'
  activesupport (3.2.14) lib/active_support/tagged_logging.rb:22:in `tagged'
  railties (3.2.14) lib/rails/rack/logger.rb:16:in `call'
  actionpack (3.2.14) lib/action_dispatch/middleware/request_id.rb:22:in `call'
  rack (1.4.5) lib/rack/methodoverride.rb:21:in `call'
  rack (1.4.5) lib/rack/runtime.rb:17:in `call'
  activesupport (3.2.14) lib/active_support/cache/strategy/local_cache.rb:72:in `call'
  rack (1.4.5) lib/rack/lock.rb:15:in `call'
  actionpack (3.2.14) lib/action_dispatch/middleware/static.rb:63:in `call'
  railties (3.2.14) lib/rails/engine.rb:484:in `call'
  railties (3.2.14) lib/rails/application.rb:231:in `call'
  rack (1.4.5) lib/rack/content_length.rb:14:in `call'
  railties (3.2.14) lib/rails/rack/log_tailer.rb:17:in `call'
  rack (1.4.5) lib/rack/handler/webrick.rb:59:in `service'
  /Users/apprentice/.rvm/rubies/ruby-1.9.3-p448/lib/ruby/1.9.1/webrick/httpserver.rb:138:in `service'
  /Users/apprentice/.rvm/rubies/ruby-1.9.3-p448/lib/ruby/1.9.1/webrick/httpserver.rb:94:in `run'
  /Users/apprentice/.rvm/rubies/ruby-1.9.3-p448/lib/ruby/1.9.1/webrick/server.rb:191:in `block in start_thread'


  Rendered /Users/apprentice/.rvm/gems/ruby-1.9.3-p448/gems/actionpack-3.2.14/lib/action_dispatch/middleware/templates/rescues/routing_error.erb within rescues/layout (0.6ms)


Started GET "/activity_controller.js" for 127.0.0.1 at 2014-06-07 13:10:42 -0700

ActionController::RoutingError (No route matches [GET] "/activity_controller.js"):
  actionpack (3.2.14) lib/action_dispatch/middleware/debug_exceptions.rb:21:in `call'
  actionpack (3.2.14) lib/action_dispatch/middleware/show_exceptions.rb:56:in `call'
  railties (3.2.14) lib/rails/rack/logger.rb:32:in `call_app'
  railties (3.2.14) lib/rails/rack/logger.rb:16:in `block in call'
  activesupport (3.2.14) lib/active_support/tagged_logging.rb:22:in `tagged'
  railties (3.2.14) lib/rails/rack/logger.rb:16:in `call'
  actionpack (3.2.14) lib/action_dispatch/middleware/request_id.rb:22:in `call'
  rack (1.4.5) lib/rack/methodoverride.rb:21:in `call'
  rack (1.4.5) lib/rack/runtime.rb:17:in `call'
  activesupport (3.2.14) lib/active_support/cache/strategy/local_cache.rb:72:in `call'
  rack (1.4.5) lib/rack/lock.rb:15:in `call'
  actionpack (3.2.14) lib/action_dispatch/middleware/static.rb:63:in `call'
  railties (3.2.14) lib/rails/engine.rb:484:in `call'
  railties (3.2.14) lib/rails/application.rb:231:in `call'
  rack (1.4.5) lib/rack/content_length.rb:14:in `call'
  railties (3.2.14) lib/rails/rack/log_tailer.rb:17:in `call'
  rack (1.4.5) lib/rack/handler/webrick.rb:59:in `service'
  /Users/apprentice/.rvm/rubies/ruby-1.9.3-p448/lib/ruby/1.9.1/webrick/httpserver.rb:138:in `service'
  /Users/apprentice/.rvm/rubies/ruby-1.9.3-p448/lib/ruby/1.9.1/webrick/httpserver.rb:94:in `run'
  /Users/apprentice/.rvm/rubies/ruby-1.9.3-p448/lib/ruby/1.9.1/webrick/server.rb:191:in `block in start_thread'


  Rendered /Users/apprentice/.rvm/gems/ruby-1.9.3-p448/gems/actionpack-3.2.14/lib/action_dispatch/middleware/templates/rescues/routing_error.erb within rescues/layout (0.7ms)


Started GET "/" for 127.0.0.1 at 2014-06-07 13:11:59 -0700
Processing by ActivitiesController#index as HTML
  Rendered activities/index.html.erb within layouts/application (0.0ms)
Compiled style.css  (0ms)  (pid 15447)
Compiled application.css  (6ms)  (pid 15447)
Compiled activity_controller.js  (0ms)  (pid 15447)
Compiled application.js  (7ms)  (pid 15447)
  Rendered shared/_header.html.erb (0.0ms)
Completed 200 OK in 60ms (Views: 60.1ms | ActiveRecord: 0.0ms)


Started GET "/assets/application.css?body=1" for 127.0.0.1 at 2014-06-07 13:11:59 -0700
Served asset /application.css - 304 Not Modified (4ms)


Started GET "/assets/application.js?body=1" for 127.0.0.1 at 2014-06-07 13:11:59 -0700
Served asset /application.js - 304 Not Modified (7ms)


Started GET "/assets/jquery.js?body=1" for 127.0.0.1 at 2014-06-07 13:11:59 -0700
Served asset /jquery.js - 304 Not Modified (0ms)


Started GET "/assets/jquery_ujs.js?body=1" for 127.0.0.1 at 2014-06-07 13:11:59 -0700
Served asset /jquery_ujs.js - 304 Not Modified (0ms)


Started GET "/assets/activity_controller.js?body=1" for 127.0.0.1 at 2014-06-07 13:11:59 -0700
Served asset /activity_controller.js - 200 OK (1ms)


Started GET "/assets/style.css?body=1" for 127.0.0.1 at 2014-06-07 13:11:59 -0700
Served asset /style.css - 200 OK (1ms)


Started GET "/style.css" for 127.0.0.1 at 2014-06-07 13:11:59 -0700

ActionController::RoutingError (No route matches [GET] "/style.css"):
  actionpack (3.2.14) lib/action_dispatch/middleware/debug_exceptions.rb:21:in `call'
  actionpack (3.2.14) lib/action_dispatch/middleware/show_exceptions.rb:56:in `call'
  railties (3.2.14) lib/rails/rack/logger.rb:32:in `call_app'
  railties (3.2.14) lib/rails/rack/logger.rb:16:in `block in call'
  activesupport (3.2.14) lib/active_support/tagged_logging.rb:22:in `tagged'
  railties (3.2.14) lib/rails/rack/logger.rb:16:in `call'
  actionpack (3.2.14) lib/action_dispatch/middleware/request_id.rb:22:in `call'
  rack (1.4.5) lib/rack/methodoverride.rb:21:in `call'
  rack (1.4.5) lib/rack/runtime.rb:17:in `call'
  activesupport (3.2.14) lib/active_support/cache/strategy/local_cache.rb:72:in `call'
  rack (1.4.5) lib/rack/lock.rb:15:in `call'
  actionpack (3.2.14) lib/action_dispatch/middleware/static.rb:63:in `call'
  railties (3.2.14) lib/rails/engine.rb:484:in `call'
  railties (3.2.14) lib/rails/application.rb:231:in `call'
  rack (1.4.5) lib/rack/content_length.rb:14:in `call'
  railties (3.2.14) lib/rails/rack/log_tailer.rb:17:in `call'
  rack (1.4.5) lib/rack/handler/webrick.rb:59:in `service'
  /Users/apprentice/.rvm/rubies/ruby-1.9.3-p448/lib/ruby/1.9.1/webrick/httpserver.rb:138:in `service'
  /Users/apprentice/.rvm/rubies/ruby-1.9.3-p448/lib/ruby/1.9.1/webrick/httpserver.rb:94:in `run'
  /Users/apprentice/.rvm/rubies/ruby-1.9.3-p448/lib/ruby/1.9.1/webrick/server.rb:191:in `block in start_thread'


  Rendered /Users/apprentice/.rvm/gems/ruby-1.9.3-p448/gems/actionpack-3.2.14/lib/action_dispatch/middleware/templates/rescues/routing_error.erb within rescues/layout (0.8ms)


Started GET "/" for 127.0.0.1 at 2014-06-07 13:12:15 -0700
Processing by ActivitiesController#index as HTML
  Rendered activities/index.html.erb within layouts/application (0.1ms)
  Rendered shared/_header.html.erb (0.0ms)
Completed 200 OK in 6ms (Views: 6.2ms | ActiveRecord: 0.0ms)


Started GET "/assets/application.css?body=1" for 127.0.0.1 at 2014-06-07 13:12:15 -0700
Served asset /application.css - 304 Not Modified (0ms)


Started GET "/assets/jquery_ujs.js?body=1" for 127.0.0.1 at 2014-06-07 13:12:15 -0700
Served asset /jquery_ujs.js - 304 Not Modified (0ms)


Started GET "/assets/activity_controller.js?body=1" for 127.0.0.1 at 2014-06-07 13:12:15 -0700
Served asset /activity_controller.js - 304 Not Modified (0ms)


Started GET "/assets/application.js?body=1" for 127.0.0.1 at 2014-06-07 13:12:15 -0700
Served asset /application.js - 304 Not Modified (0ms)


Started GET "/assets/jquery.js?body=1" for 127.0.0.1 at 2014-06-07 13:12:15 -0700
Served asset /jquery.js - 304 Not Modified (0ms)


Started GET "/assets/style.css?body=1" for 127.0.0.1 at 2014-06-07 13:12:15 -0700
Served asset /style.css - 304 Not Modified (0ms)


Started GET "/" for 127.0.0.1 at 2014-06-07 13:12:26 -0700
Processing by ActivitiesController#index as HTML
  Rendered activities/index.html.erb within layouts/application (0.0ms)
Compiled style.css  (0ms)  (pid 15447)
Compiled application.css  (0ms)  (pid 15447)
  Rendered shared/_header.html.erb (0.0ms)
Completed 200 OK in 15ms (Views: 15.2ms | ActiveRecord: 0.0ms)


Started GET "/assets/application.css?body=1" for 127.0.0.1 at 2014-06-07 13:12:27 -0700
Served asset /application.css - 304 Not Modified (5ms)


Started GET "/assets/style.css?body=1" for 127.0.0.1 at 2014-06-07 13:12:27 -0700
Served asset /style.css - 200 OK (2ms)


Started GET "/assets/jquery_ujs.js?body=1" for 127.0.0.1 at 2014-06-07 13:12:27 -0700
Served asset /jquery_ujs.js - 304 Not Modified (0ms)


Started GET "/assets/jquery.js?body=1" for 127.0.0.1 at 2014-06-07 13:12:27 -0700
Served asset /jquery.js - 304 Not Modified (0ms)


Started GET "/assets/activity_controller.js?body=1" for 127.0.0.1 at 2014-06-07 13:12:27 -0700
Served asset /activity_controller.js - 304 Not Modified (0ms)


Started GET "/assets/application.js?body=1" for 127.0.0.1 at 2014-06-07 13:12:27 -0700
Served asset /application.js - 304 Not Modified (0ms)


Started GET "/" for 127.0.0.1 at 2014-06-07 13:12:28 -0700
Processing by ActivitiesController#index as HTML
  Rendered activities/index.html.erb within layouts/application (0.0ms)
  Rendered shared/_header.html.erb (0.0ms)
Completed 200 OK in 4ms (Views: 4.1ms | ActiveRecord: 0.0ms)


Started GET "/assets/application.css?body=1" for 127.0.0.1 at 2014-06-07 13:12:28 -0700
Served asset /application.css - 304 Not Modified (0ms)


Started GET "/assets/jquery.js?body=1" for 127.0.0.1 at 2014-06-07 13:12:28 -0700
Served asset /jquery.js - 304 Not Modified (0ms)


Started GET "/assets/style.css?body=1" for 127.0.0.1 at 2014-06-07 13:12:28 -0700
Served asset /style.css - 304 Not Modified (0ms)


Started GET "/assets/jquery_ujs.js?body=1" for 127.0.0.1 at 2014-06-07 13:12:28 -0700
Served asset /jquery_ujs.js - 304 Not Modified (0ms)


Started GET "/assets/activity_controller.js?body=1" for 127.0.0.1 at 2014-06-07 13:12:28 -0700
Served asset /activity_controller.js - 304 Not Modified (0ms)


Started GET "/assets/application.js?body=1" for 127.0.0.1 at 2014-06-07 13:12:28 -0700
Served asset /application.js - 304 Not Modified (0ms)


Started GET "/" for 127.0.0.1 at 2014-06-07 13:12:51 -0700
Processing by ActivitiesController#index as HTML
  Rendered activities/index.html.erb within layouts/application (0.0ms)
  Rendered shared/_header.html.erb (0.0ms)
Completed 200 OK in 4ms (Views: 4.1ms | ActiveRecord: 0.0ms)


Started GET "/assets/application.css?body=1" for 127.0.0.1 at 2014-06-07 13:12:51 -0700
Served asset /application.css - 304 Not Modified (0ms)


Started GET "/assets/jquery.js?body=1" for 127.0.0.1 at 2014-06-07 13:12:51 -0700
Served asset /jquery.js - 304 Not Modified (0ms)


Started GET "/assets/jquery_ujs.js?body=1" for 127.0.0.1 at 2014-06-07 13:12:51 -0700
Served asset /jquery_ujs.js - 304 Not Modified (0ms)


Started GET "/assets/style.css?body=1" for 127.0.0.1 at 2014-06-07 13:12:51 -0700
Served asset /style.css - 304 Not Modified (0ms)


Started GET "/assets/activity_controller.js?body=1" for 127.0.0.1 at 2014-06-07 13:12:51 -0700
Served asset /activity_controller.js - 304 Not Modified (0ms)


Started GET "/assets/application.js?body=1" for 127.0.0.1 at 2014-06-07 13:12:51 -0700
Served asset /application.js - 304 Not Modified (0ms)


Started GET "/" for 127.0.0.1 at 2014-06-07 13:13:02 -0700
Processing by ActivitiesController#index as HTML
  Rendered activities/index.html.erb within layouts/application (0.0ms)
Compiled style.css  (0ms)  (pid 15447)
Compiled application.css  (0ms)  (pid 15447)
  Rendered shared/_header.html.erb (0.0ms)
Completed 200 OK in 13ms (Views: 13.4ms | ActiveRecord: 0.0ms)


Started GET "/assets/application.css?body=1" for 127.0.0.1 at 2014-06-07 13:13:02 -0700
Served asset /application.css - 304 Not Modified (2ms)


Started GET "/assets/style.css?body=1" for 127.0.0.1 at 2014-06-07 13:13:02 -0700
Served asset /style.css - 200 OK (1ms)


Started GET "/assets/activity_controller.js?body=1" for 127.0.0.1 at 2014-06-07 13:13:02 -0700
Served asset /activity_controller.js - 304 Not Modified (0ms)


Started GET "/assets/jquery_ujs.js?body=1" for 127.0.0.1 at 2014-06-07 13:13:02 -0700
Served asset /jquery_ujs.js - 304 Not Modified (0ms)


Started GET "/assets/jquery.js?body=1" for 127.0.0.1 at 2014-06-07 13:13:02 -0700
Served asset /jquery.js - 304 Not Modified (0ms)


Started GET "/assets/application.js?body=1" for 127.0.0.1 at 2014-06-07 13:13:02 -0700
Served asset /application.js - 304 Not Modified (0ms)


Started GET "/" for 127.0.0.1 at 2014-06-07 13:13:42 -0700
Processing by ActivitiesController#index as HTML
  Rendered activities/index.html.erb within layouts/application (0.0ms)
  Rendered shared/_header.html.erb (0.0ms)
Completed 200 OK in 5ms (Views: 4.6ms | ActiveRecord: 0.0ms)


Started GET "/assets/application.css?body=1" for 127.0.0.1 at 2014-06-07 13:13:42 -0700
Served asset /application.css - 304 Not Modified (0ms)


Started GET "/assets/jquery.js?body=1" for 127.0.0.1 at 2014-06-07 13:13:42 -0700
Served asset /jquery.js - 304 Not Modified (0ms)


Started GET "/assets/style.css?body=1" for 127.0.0.1 at 2014-06-07 13:13:42 -0700
Served asset /style.css - 304 Not Modified (0ms)


Started GET "/assets/application.js?body=1" for 127.0.0.1 at 2014-06-07 13:13:42 -0700
Served asset /application.js - 304 Not Modified (0ms)


Started GET "/assets/activity_controller.js?body=1" for 127.0.0.1 at 2014-06-07 13:13:42 -0700
Served asset /activity_controller.js - 304 Not Modified (0ms)


Started GET "/assets/jquery_ujs.js?body=1" for 127.0.0.1 at 2014-06-07 13:13:42 -0700
Served asset /jquery_ujs.js - 304 Not Modified (0ms)


Started GET "/" for 127.0.0.1 at 2014-06-07 13:18:54 -0700
Processing by ActivitiesController#index as HTML
  Rendered activities/index.html.erb within layouts/application (0.0ms)
Compiled style.css  (0ms)  (pid 15447)
Compiled application.css  (0ms)  (pid 15447)
  Rendered shared/_header.html.erb (0.0ms)
Completed 200 OK in 17ms (Views: 17.3ms | ActiveRecord: 0.0ms)


Started GET "/assets/application.css?body=1" for 127.0.0.1 at 2014-06-07 13:18:55 -0700
Served asset /application.css - 304 Not Modified (3ms)


Started GET "/assets/jquery_ujs.js?body=1" for 127.0.0.1 at 2014-06-07 13:18:55 -0700
Served asset /jquery_ujs.js - 304 Not Modified (0ms)


Started GET "/assets/style.css?body=1" for 127.0.0.1 at 2014-06-07 13:18:55 -0700
Served asset /style.css - 200 OK (2ms)


Started GET "/assets/jquery.js?body=1" for 127.0.0.1 at 2014-06-07 13:18:55 -0700
Served asset /jquery.js - 304 Not Modified (0ms)


Started GET "/assets/activity_controller.js?body=1" for 127.0.0.1 at 2014-06-07 13:18:55 -0700
Served asset /activity_controller.js - 304 Not Modified (0ms)


Started GET "/assets/application.js?body=1" for 127.0.0.1 at 2014-06-07 13:18:55 -0700
Served asset /application.js - 304 Not Modified (0ms)


Started GET "/" for 127.0.0.1 at 2014-06-07 13:25:11 -0700
Processing by ActivitiesController#index as HTML
  Rendered activities/index.html.erb within layouts/application (0.0ms)
Compiled style.css  (0ms)  (pid 15447)
Compiled application.css  (0ms)  (pid 15447)
  Rendered shared/_header.html.erb (0.0ms)
Completed 200 OK in 12ms (Views: 12.2ms | ActiveRecord: 0.0ms)


Started GET "/assets/application.css?body=1" for 127.0.0.1 at 2014-06-07 13:25:11 -0700
Served asset /application.css - 304 Not Modified (10ms)


Started GET "/assets/activity_controller.js?body=1" for 127.0.0.1 at 2014-06-07 13:25:11 -0700
Served asset /activity_controller.js - 304 Not Modified (0ms)


Started GET "/assets/jquery_ujs.js?body=1" for 127.0.0.1 at 2014-06-07 13:25:11 -0700
Served asset /jquery_ujs.js - 304 Not Modified (0ms)


Started GET "/assets/style.css?body=1" for 127.0.0.1 at 2014-06-07 13:25:11 -0700
Served asset /style.css - 200 OK (1ms)


Started GET "/assets/jquery.js?body=1" for 127.0.0.1 at 2014-06-07 13:25:11 -0700
Served asset /jquery.js - 304 Not Modified (0ms)


Started GET "/assets/application.js?body=1" for 127.0.0.1 at 2014-06-07 13:25:11 -0700
Served asset /application.js - 304 Not Modified (0ms)


Started GET "/" for 127.0.0.1 at 2014-06-07 13:33:19 -0700
Processing by ActivitiesController#index as HTML
  Rendered activities/index.html.erb within layouts/application (0.0ms)
  Rendered shared/_header.html.erb (0.0ms)
Completed 200 OK in 3ms (Views: 3.2ms | ActiveRecord: 0.0ms)


Started GET "/assets/application.css?body=1" for 127.0.0.1 at 2014-06-07 13:33:19 -0700
Served asset /application.css - 304 Not Modified (0ms)


Started GET "/assets/jquery.js?body=1" for 127.0.0.1 at 2014-06-07 13:33:19 -0700
Served asset /jquery.js - 304 Not Modified (0ms)


Started GET "/assets/style.css?body=1" for 127.0.0.1 at 2014-06-07 13:33:19 -0700
Served asset /style.css - 304 Not Modified (0ms)


Started GET "/assets/activity_controller.js?body=1" for 127.0.0.1 at 2014-06-07 13:33:19 -0700
Served asset /activity_controller.js - 304 Not Modified (0ms)


Started GET "/assets/jquery_ujs.js?body=1" for 127.0.0.1 at 2014-06-07 13:33:19 -0700
Served asset /jquery_ujs.js - 304 Not Modified (0ms)


Started GET "/assets/application.js?body=1" for 127.0.0.1 at 2014-06-07 13:33:19 -0700
Served asset /application.js - 304 Not Modified (0ms)


Started GET "/" for 127.0.0.1 at 2014-06-07 13:47:24 -0700
Processing by ActivitiesController#index as HTML
  Rendered activities/index.html.erb within layouts/application (0.0ms)
Compiled style.css  (0ms)  (pid 15447)
Compiled application.css  (0ms)  (pid 15447)
  Rendered shared/_header.html.erb (0.0ms)
Completed 200 OK in 14ms (Views: 14.3ms | ActiveRecord: 0.0ms)


Started GET "/assets/application.css?body=1" for 127.0.0.1 at 2014-06-07 13:47:24 -0700
Served asset /application.css - 304 Not Modified (9ms)


Started GET "/assets/jquery_ujs.js?body=1" for 127.0.0.1 at 2014-06-07 13:47:24 -0700
Served asset /jquery_ujs.js - 304 Not Modified (0ms)


Started GET "/assets/activity_controller.js?body=1" for 127.0.0.1 at 2014-06-07 13:47:24 -0700
Served asset /activity_controller.js - 304 Not Modified (0ms)


Started GET "/assets/jquery.js?body=1" for 127.0.0.1 at 2014-06-07 13:47:24 -0700
Served asset /jquery.js - 304 Not Modified (0ms)


Started GET "/assets/style.css?body=1" for 127.0.0.1 at 2014-06-07 13:47:24 -0700
Served asset /style.css - 200 OK (2ms)


Started GET "/assets/application.js?body=1" for 127.0.0.1 at 2014-06-07 13:47:24 -0700
Served asset /application.js - 304 Not Modified (0ms)


Started GET "/" for 127.0.0.1 at 2014-06-07 13:48:05 -0700
Processing by ActivitiesController#index as HTML
  Rendered activities/index.html.erb within layouts/application (0.0ms)
Compiled style.css  (0ms)  (pid 15447)
Compiled application.css  (0ms)  (pid 15447)
  Rendered shared/_header.html.erb (0.0ms)
Completed 200 OK in 45ms (Views: 44.4ms | ActiveRecord: 0.0ms)


Started GET "/assets/application.css?body=1" for 127.0.0.1 at 2014-06-07 13:48:05 -0700
Served asset /application.css - 304 Not Modified (10ms)


Started GET "/assets/style.css?body=1" for 127.0.0.1 at 2014-06-07 13:48:05 -0700
Served asset /style.css - 200 OK (2ms)


Started GET "/assets/activity_controller.js?body=1" for 127.0.0.1 at 2014-06-07 13:48:05 -0700
Served asset /activity_controller.js - 304 Not Modified (0ms)


Started GET "/assets/jquery_ujs.js?body=1" for 127.0.0.1 at 2014-06-07 13:48:05 -0700
Served asset /jquery_ujs.js - 304 Not Modified (0ms)


Started GET "/assets/jquery.js?body=1" for 127.0.0.1 at 2014-06-07 13:48:05 -0700
Served asset /jquery.js - 304 Not Modified (0ms)


Started GET "/assets/application.js?body=1" for 127.0.0.1 at 2014-06-07 13:48:05 -0700
Served asset /application.js - 304 Not Modified (0ms)


Started GET "/" for 127.0.0.1 at 2014-06-07 13:48:17 -0700
Processing by ActivitiesController#index as HTML
  Rendered activities/index.html.erb within layouts/application (0.0ms)
Compiled style.css  (0ms)  (pid 15447)
Compiled application.css  (0ms)  (pid 15447)
  Rendered shared/_header.html.erb (0.0ms)
Completed 200 OK in 13ms (Views: 13.2ms | ActiveRecord: 0.0ms)


Started GET "/assets/style.css?body=1" for 127.0.0.1 at 2014-06-07 13:48:17 -0700
Served asset /style.css - 200 OK (1ms)


Started GET "/assets/application.css?body=1" for 127.0.0.1 at 2014-06-07 13:48:17 -0700
Served asset /application.css - 304 Not Modified (2ms)


Started GET "/assets/jquery_ujs.js?body=1" for 127.0.0.1 at 2014-06-07 13:48:17 -0700
Served asset /jquery_ujs.js - 304 Not Modified (0ms)


Started GET "/assets/jquery.js?body=1" for 127.0.0.1 at 2014-06-07 13:48:17 -0700
Served asset /jquery.js - 304 Not Modified (0ms)


Started GET "/assets/activity_controller.js?body=1" for 127.0.0.1 at 2014-06-07 13:48:17 -0700
Served asset /activity_controller.js - 304 Not Modified (0ms)


Started GET "/assets/application.js?body=1" for 127.0.0.1 at 2014-06-07 13:48:17 -0700
Served asset /application.js - 304 Not Modified (0ms)


Started GET "/" for 127.0.0.1 at 2014-06-07 13:49:17 -0700
Processing by ActivitiesController#index as HTML
  Rendered activities/index.html.erb within layouts/application (0.0ms)
Compiled style.css  (0ms)  (pid 15447)
Compiled application.css  (0ms)  (pid 15447)
  Rendered shared/_header.html.erb (0.0ms)
Completed 200 OK in 14ms (Views: 14.0ms | ActiveRecord: 0.0ms)


Started GET "/assets/style.css?body=1" for 127.0.0.1 at 2014-06-07 13:49:18 -0700
Served asset /style.css - 200 OK (3ms)


Started GET "/assets/application.css?body=1" for 127.0.0.1 at 2014-06-07 13:49:18 -0700
Served asset /application.css - 304 Not Modified (3ms)


Started GET "/assets/jquery.js?body=1" for 127.0.0.1 at 2014-06-07 13:49:18 -0700
Served asset /jquery.js - 304 Not Modified (0ms)


Started GET "/assets/jquery_ujs.js?body=1" for 127.0.0.1 at 2014-06-07 13:49:18 -0700
Served asset /jquery_ujs.js - 304 Not Modified (0ms)


Started GET "/assets/activity_controller.js?body=1" for 127.0.0.1 at 2014-06-07 13:49:18 -0700
Served asset /activity_controller.js - 304 Not Modified (0ms)


Started GET "/assets/application.js?body=1" for 127.0.0.1 at 2014-06-07 13:49:18 -0700
Served asset /application.js - 304 Not Modified (0ms)


Started GET "/" for 127.0.0.1 at 2014-06-07 13:50:32 -0700
Processing by ActivitiesController#index as HTML
  Rendered activities/index.html.erb within layouts/application (0.0ms)
Compiled style.css  (0ms)  (pid 15447)
Compiled application.css  (0ms)  (pid 15447)
  Rendered shared/_header.html.erb (0.0ms)
Completed 200 OK in 14ms (Views: 14.2ms | ActiveRecord: 0.0ms)


Started GET "/assets/application.css?body=1" for 127.0.0.1 at 2014-06-07 13:50:32 -0700
Served asset /application.css - 304 Not Modified (10ms)


Started GET "/assets/activity_controller.js?body=1" for 127.0.0.1 at 2014-06-07 13:50:32 -0700
Served asset /activity_controller.js - 304 Not Modified (0ms)


Started GET "/assets/jquery.js?body=1" for 127.0.0.1 at 2014-06-07 13:50:32 -0700
Served asset /jquery.js - 304 Not Modified (0ms)


Started GET "/assets/jquery_ujs.js?body=1" for 127.0.0.1 at 2014-06-07 13:50:32 -0700
Served asset /jquery_ujs.js - 304 Not Modified (0ms)


Started GET "/assets/style.css?body=1" for 127.0.0.1 at 2014-06-07 13:50:32 -0700
Served asset /style.css - 200 OK (1ms)


Started GET "/assets/application.js?body=1" for 127.0.0.1 at 2014-06-07 13:50:32 -0700
Served asset /application.js - 304 Not Modified (0ms)


Started GET "/" for 127.0.0.1 at 2014-06-07 13:50:56 -0700
Processing by ActivitiesController#index as HTML
  Rendered activities/index.html.erb within layouts/application (0.0ms)
Compiled style.css  (0ms)  (pid 15447)
Compiled application.css  (0ms)  (pid 15447)
  Rendered shared/_header.html.erb (0.0ms)
Completed 200 OK in 13ms (Views: 13.4ms | ActiveRecord: 0.0ms)


Started GET "/assets/style.css?body=1" for 127.0.0.1 at 2014-06-07 13:50:57 -0700
Served asset /style.css - 200 OK (2ms)


Started GET "/assets/application.css?body=1" for 127.0.0.1 at 2014-06-07 13:50:57 -0700
Served asset /application.css - 304 Not Modified (5ms)


Started GET "/assets/jquery_ujs.js?body=1" for 127.0.0.1 at 2014-06-07 13:50:57 -0700
Served asset /jquery_ujs.js - 304 Not Modified (0ms)


Started GET "/assets/activity_controller.js?body=1" for 127.0.0.1 at 2014-06-07 13:50:57 -0700
Served asset /activity_controller.js - 304 Not Modified (0ms)


Started GET "/assets/jquery.js?body=1" for 127.0.0.1 at 2014-06-07 13:50:57 -0700
Served asset /jquery.js - 304 Not Modified (0ms)


Started GET "/assets/application.js?body=1" for 127.0.0.1 at 2014-06-07 13:50:57 -0700
Served asset /application.js - 304 Not Modified (0ms)


Started GET "/" for 127.0.0.1 at 2014-06-07 13:51:19 -0700
Processing by ActivitiesController#index as HTML
  Rendered activities/index.html.erb within layouts/application (0.0ms)
Compiled style.css  (0ms)  (pid 15447)
Compiled application.css  (0ms)  (pid 15447)
  Rendered shared/_header.html.erb (0.0ms)
Completed 200 OK in 44ms (Views: 44.2ms | ActiveRecord: 0.0ms)


Started GET "/assets/application.css?body=1" for 127.0.0.1 at 2014-06-07 13:51:19 -0700
Served asset /application.css - 304 Not Modified (3ms)


Started GET "/assets/activity_controller.js?body=1" for 127.0.0.1 at 2014-06-07 13:51:19 -0700
Served asset /activity_controller.js - 304 Not Modified (0ms)


Started GET "/assets/jquery.js?body=1" for 127.0.0.1 at 2014-06-07 13:51:19 -0700
Served asset /jquery.js - 304 Not Modified (0ms)


Started GET "/assets/jquery_ujs.js?body=1" for 127.0.0.1 at 2014-06-07 13:51:19 -0700
Served asset /jquery_ujs.js - 304 Not Modified (0ms)


Started GET "/assets/style.css?body=1" for 127.0.0.1 at 2014-06-07 13:51:19 -0700
Served asset /style.css - 200 OK (2ms)


Started GET "/assets/application.js?body=1" for 127.0.0.1 at 2014-06-07 13:51:19 -0700
Served asset /application.js - 304 Not Modified (0ms)


Started GET "/" for 127.0.0.1 at 2014-06-07 13:51:24 -0700
Processing by ActivitiesController#index as HTML
  Rendered activities/index.html.erb within layouts/application (0.0ms)
  Rendered shared/_header.html.erb (0.0ms)
Completed 200 OK in 4ms (Views: 3.5ms | ActiveRecord: 0.0ms)


Started GET "/assets/style.css?body=1" for 127.0.0.1 at 2014-06-07 13:51:24 -0700
Served asset /style.css - 304 Not Modified (0ms)


Started GET "/assets/application.css?body=1" for 127.0.0.1 at 2014-06-07 13:51:24 -0700
Served asset /application.css - 304 Not Modified (0ms)


Started GET "/assets/jquery_ujs.js?body=1" for 127.0.0.1 at 2014-06-07 13:51:24 -0700
Served asset /jquery_ujs.js - 304 Not Modified (0ms)


Started GET "/assets/jquery.js?body=1" for 127.0.0.1 at 2014-06-07 13:51:24 -0700
Served asset /jquery.js - 304 Not Modified (0ms)


Started GET "/assets/activity_controller.js?body=1" for 127.0.0.1 at 2014-06-07 13:51:24 -0700
Served asset /activity_controller.js - 304 Not Modified (0ms)


Started GET "/assets/application.js?body=1" for 127.0.0.1 at 2014-06-07 13:51:24 -0700
Served asset /application.js - 304 Not Modified (0ms)


Started GET "/" for 127.0.0.1 at 2014-06-07 13:51:30 -0700
Processing by ActivitiesController#index as HTML
  Rendered activities/index.html.erb within layouts/application (0.0ms)
Compiled style.css  (0ms)  (pid 15447)
Compiled application.css  (0ms)  (pid 15447)
  Rendered shared/_header.html.erb (0.0ms)
Completed 200 OK in 13ms (Views: 13.0ms | ActiveRecord: 0.0ms)


Started GET "/assets/application.css?body=1" for 127.0.0.1 at 2014-06-07 13:51:30 -0700
Served asset /application.css - 304 Not Modified (6ms)


Started GET "/assets/style.css?body=1" for 127.0.0.1 at 2014-06-07 13:51:30 -0700
Served asset /style.css - 200 OK (1ms)


Started GET "/assets/jquery.js?body=1" for 127.0.0.1 at 2014-06-07 13:51:30 -0700
Served asset /jquery.js - 304 Not Modified (0ms)


Started GET "/assets/jquery_ujs.js?body=1" for 127.0.0.1 at 2014-06-07 13:51:30 -0700
Served asset /jquery_ujs.js - 304 Not Modified (0ms)


Started GET "/assets/activity_controller.js?body=1" for 127.0.0.1 at 2014-06-07 13:51:30 -0700
Served asset /activity_controller.js - 304 Not Modified (0ms)


Started GET "/assets/application.js?body=1" for 127.0.0.1 at 2014-06-07 13:51:30 -0700
Served asset /application.js - 304 Not Modified (0ms)


Started GET "/" for 127.0.0.1 at 2014-06-07 13:52:49 -0700
Processing by ActivitiesController#index as HTML
  Rendered activities/index.html.erb within layouts/application (0.0ms)
Compiled style.css  (0ms)  (pid 15447)
Compiled application.css  (1ms)  (pid 15447)
  Rendered shared/_header.html.erb (0.0ms)
Completed 200 OK in 19ms (Views: 18.4ms | ActiveRecord: 0.0ms)


Started GET "/assets/application.css?body=1" for 127.0.0.1 at 2014-06-07 13:52:49 -0700
Served asset /application.css - 304 Not Modified (5ms)


Started GET "/assets/jquery.js?body=1" for 127.0.0.1 at 2014-06-07 13:52:49 -0700
Served asset /jquery.js - 304 Not Modified (0ms)


Started GET "/assets/style.css?body=1" for 127.0.0.1 at 2014-06-07 13:52:49 -0700
Served asset /style.css - 200 OK (1ms)


Started GET "/assets/activity_controller.js?body=1" for 127.0.0.1 at 2014-06-07 13:52:49 -0700
Served asset /activity_controller.js - 304 Not Modified (0ms)


Started GET "/assets/jquery_ujs.js?body=1" for 127.0.0.1 at 2014-06-07 13:52:49 -0700
Served asset /jquery_ujs.js - 304 Not Modified (0ms)


Started GET "/assets/application.js?body=1" for 127.0.0.1 at 2014-06-07 13:52:49 -0700
Served asset /application.js - 304 Not Modified (0ms)


Started GET "/" for 127.0.0.1 at 2014-06-07 13:52:51 -0700
Processing by ActivitiesController#index as HTML
  Rendered activities/index.html.erb within layouts/application (0.0ms)
  Rendered shared/_header.html.erb (0.0ms)
Completed 200 OK in 4ms (Views: 3.6ms | ActiveRecord: 0.0ms)


Started GET "/assets/application.css?body=1" for 127.0.0.1 at 2014-06-07 13:52:51 -0700
Served asset /application.css - 304 Not Modified (4ms)


Started GET "/assets/style.css?body=1" for 127.0.0.1 at 2014-06-07 13:52:51 -0700
Served asset /style.css - 304 Not Modified (0ms)


Started GET "/assets/activity_controller.js?body=1" for 127.0.0.1 at 2014-06-07 13:52:51 -0700
Served asset /activity_controller.js - 304 Not Modified (0ms)


Started GET "/assets/jquery.js?body=1" for 127.0.0.1 at 2014-06-07 13:52:51 -0700
Served asset /jquery.js - 304 Not Modified (0ms)


Started GET "/assets/jquery_ujs.js?body=1" for 127.0.0.1 at 2014-06-07 13:52:51 -0700
Served asset /jquery_ujs.js - 304 Not Modified (0ms)


Started GET "/assets/application.js?body=1" for 127.0.0.1 at 2014-06-07 13:52:51 -0700
Served asset /application.js - 304 Not Modified (0ms)


Started GET "/" for 127.0.0.1 at 2014-06-07 13:53:05 -0700
Processing by ActivitiesController#index as HTML
  Rendered activities/index.html.erb within layouts/application (0.0ms)
Compiled style.css  (0ms)  (pid 15447)
Compiled application.css  (0ms)  (pid 15447)
  Rendered shared/_header.html.erb (0.0ms)
Completed 200 OK in 13ms (Views: 12.6ms | ActiveRecord: 0.0ms)


Started GET "/assets/style.css?body=1" for 127.0.0.1 at 2014-06-07 13:53:05 -0700
Served asset /style.css - 200 OK (2ms)


Started GET "/assets/application.css?body=1" for 127.0.0.1 at 2014-06-07 13:53:05 -0700
Served asset /application.css - 304 Not Modified (2ms)


Started GET "/assets/activity_controller.js?body=1" for 127.0.0.1 at 2014-06-07 13:53:05 -0700
Served asset /activity_controller.js - 304 Not Modified (0ms)


Started GET "/assets/jquery_ujs.js?body=1" for 127.0.0.1 at 2014-06-07 13:53:05 -0700
Served asset /jquery_ujs.js - 304 Not Modified (0ms)


Started GET "/assets/jquery.js?body=1" for 127.0.0.1 at 2014-06-07 13:53:05 -0700
Served asset /jquery.js - 304 Not Modified (0ms)


Started GET "/assets/application.js?body=1" for 127.0.0.1 at 2014-06-07 13:53:05 -0700
Served asset /application.js - 304 Not Modified (0ms)


Started GET "/" for 127.0.0.1 at 2014-06-07 13:53:11 -0700
Processing by ActivitiesController#index as HTML
  Rendered activities/index.html.erb within layouts/application (0.0ms)
Compiled style.css  (0ms)  (pid 15447)
Compiled application.css  (0ms)  (pid 15447)
  Rendered shared/_header.html.erb (0.0ms)
Completed 200 OK in 43ms (Views: 43.3ms | ActiveRecord: 0.0ms)


Started GET "/assets/application.css?body=1" for 127.0.0.1 at 2014-06-07 13:53:11 -0700
Served asset /application.css - 304 Not Modified (2ms)


Started GET "/assets/style.css?body=1" for 127.0.0.1 at 2014-06-07 13:53:11 -0700
Served asset /style.css - 200 OK (2ms)


Started GET "/assets/jquery.js?body=1" for 127.0.0.1 at 2014-06-07 13:53:11 -0700
Served asset /jquery.js - 304 Not Modified (0ms)


Started GET "/assets/activity_controller.js?body=1" for 127.0.0.1 at 2014-06-07 13:53:11 -0700
Served asset /activity_controller.js - 304 Not Modified (0ms)


Started GET "/assets/jquery_ujs.js?body=1" for 127.0.0.1 at 2014-06-07 13:53:11 -0700
Served asset /jquery_ujs.js - 304 Not Modified (0ms)


Started GET "/assets/application.js?body=1" for 127.0.0.1 at 2014-06-07 13:53:11 -0700
Served asset /application.js - 304 Not Modified (0ms)


Started GET "/" for 127.0.0.1 at 2014-06-07 13:53:45 -0700
Processing by ActivitiesController#index as HTML
  Rendered activities/index.html.erb within layouts/application (0.0ms)
Compiled style.css  (0ms)  (pid 15447)
Compiled application.css  (0ms)  (pid 15447)
  Rendered shared/_header.html.erb (0.0ms)
Completed 200 OK in 13ms (Views: 12.6ms | ActiveRecord: 0.0ms)


Started GET "/assets/application.css?body=1" for 127.0.0.1 at 2014-06-07 13:53:45 -0700
Served asset /application.css - 304 Not Modified (6ms)


Started GET "/assets/jquery_ujs.js?body=1" for 127.0.0.1 at 2014-06-07 13:53:45 -0700
Served asset /jquery_ujs.js - 304 Not Modified (0ms)


Started GET "/assets/jquery.js?body=1" for 127.0.0.1 at 2014-06-07 13:53:45 -0700
Served asset /jquery.js - 304 Not Modified (0ms)


Started GET "/assets/style.css?body=1" for 127.0.0.1 at 2014-06-07 13:53:45 -0700
Served asset /style.css - 200 OK (2ms)


Started GET "/assets/activity_controller.js?body=1" for 127.0.0.1 at 2014-06-07 13:53:45 -0700
Served asset /activity_controller.js - 304 Not Modified (0ms)


Started GET "/assets/application.js?body=1" for 127.0.0.1 at 2014-06-07 13:53:45 -0700
Served asset /application.js - 304 Not Modified (0ms)


Started GET "/" for 127.0.0.1 at 2014-06-07 13:54:13 -0700
Processing by ActivitiesController#index as HTML
  Rendered activities/index.html.erb within layouts/application (0.0ms)
Compiled style.css  (0ms)  (pid 15447)
Compiled application.css  (0ms)  (pid 15447)
  Rendered shared/_header.html.erb (0.0ms)
Completed 200 OK in 13ms (Views: 12.5ms | ActiveRecord: 0.0ms)


Started GET "/assets/style.css?body=1" for 127.0.0.1 at 2014-06-07 13:54:14 -0700
Served asset /style.css - 200 OK (5ms)


Started GET "/assets/jquery.js?body=1" for 127.0.0.1 at 2014-06-07 13:54:14 -0700
Served asset /jquery.js - 304 Not Modified (0ms)


Started GET "/assets/application.css?body=1" for 127.0.0.1 at 2014-06-07 13:54:14 -0700
Served asset /application.css - 304 Not Modified (3ms)


Started GET "/assets/jquery_ujs.js?body=1" for 127.0.0.1 at 2014-06-07 13:54:14 -0700
Served asset /jquery_ujs.js - 304 Not Modified (0ms)


Started GET "/assets/activity_controller.js?body=1" for 127.0.0.1 at 2014-06-07 13:54:14 -0700
Served asset /activity_controller.js - 304 Not Modified (0ms)


Started GET "/assets/application.js?body=1" for 127.0.0.1 at 2014-06-07 13:54:14 -0700
Served asset /application.js - 304 Not Modified (0ms)


Started GET "/" for 127.0.0.1 at 2014-06-07 13:54:21 -0700
Processing by ActivitiesController#index as HTML
  Rendered activities/index.html.erb within layouts/application (0.0ms)
  Rendered shared/_header.html.erb (0.0ms)
Completed 200 OK in 4ms (Views: 3.6ms | ActiveRecord: 0.0ms)


Started GET "/assets/application.css?body=1" for 127.0.0.1 at 2014-06-07 13:54:21 -0700
Served asset /application.css - 304 Not Modified (0ms)


Started GET "/assets/style.css?body=1" for 127.0.0.1 at 2014-06-07 13:54:21 -0700
Served asset /style.css - 304 Not Modified (0ms)


Started GET "/assets/jquery_ujs.js?body=1" for 127.0.0.1 at 2014-06-07 13:54:21 -0700
Served asset /jquery_ujs.js - 304 Not Modified (0ms)


Started GET "/assets/jquery.js?body=1" for 127.0.0.1 at 2014-06-07 13:54:21 -0700
Served asset /jquery.js - 304 Not Modified (0ms)


Started GET "/assets/activity_controller.js?body=1" for 127.0.0.1 at 2014-06-07 13:54:21 -0700
Served asset /activity_controller.js - 304 Not Modified (0ms)


Started GET "/assets/application.js?body=1" for 127.0.0.1 at 2014-06-07 13:54:21 -0700
Served asset /application.js - 304 Not Modified (0ms)


Started GET "/" for 127.0.0.1 at 2014-06-07 13:54:26 -0700
Processing by ActivitiesController#index as HTML
  Rendered activities/index.html.erb within layouts/application (0.0ms)
Compiled style.css  (0ms)  (pid 15447)
Compiled application.css  (0ms)  (pid 15447)
  Rendered shared/_header.html.erb (0.0ms)
Completed 200 OK in 13ms (Views: 12.8ms | ActiveRecord: 0.0ms)


Started GET "/assets/application.css?body=1" for 127.0.0.1 at 2014-06-07 13:54:27 -0700
Served asset /application.css - 304 Not Modified (6ms)


Started GET "/assets/jquery.js?body=1" for 127.0.0.1 at 2014-06-07 13:54:27 -0700
Served asset /jquery.js - 304 Not Modified (0ms)


Started GET "/assets/jquery_ujs.js?body=1" for 127.0.0.1 at 2014-06-07 13:54:27 -0700
Served asset /jquery_ujs.js - 304 Not Modified (0ms)


Started GET "/assets/activity_controller.js?body=1" for 127.0.0.1 at 2014-06-07 13:54:27 -0700
Served asset /activity_controller.js - 304 Not Modified (0ms)


Started GET "/assets/style.css?body=1" for 127.0.0.1 at 2014-06-07 13:54:27 -0700
Served asset /style.css - 200 OK (1ms)


Started GET "/assets/application.js?body=1" for 127.0.0.1 at 2014-06-07 13:54:27 -0700
Served asset /application.js - 304 Not Modified (0ms)


Started GET "/" for 127.0.0.1 at 2014-06-07 13:54:56 -0700
Processing by ActivitiesController#index as HTML
  Rendered activities/index.html.erb within layouts/application (0.0ms)
Compiled style.css  (0ms)  (pid 15447)
Compiled application.css  (0ms)  (pid 15447)
  Rendered shared/_header.html.erb (0.0ms)
Completed 200 OK in 14ms (Views: 14.0ms | ActiveRecord: 0.0ms)


Started GET "/assets/application.css?body=1" for 127.0.0.1 at 2014-06-07 13:54:56 -0700
Served asset /application.css - 304 Not Modified (6ms)


Started GET "/assets/style.css?body=1" for 127.0.0.1 at 2014-06-07 13:54:56 -0700
Served asset /style.css - 200 OK (36ms)


Started GET "/assets/activity_controller.js?body=1" for 127.0.0.1 at 2014-06-07 13:54:56 -0700
Served asset /activity_controller.js - 304 Not Modified (0ms)


Started GET "/assets/jquery_ujs.js?body=1" for 127.0.0.1 at 2014-06-07 13:54:56 -0700
Served asset /jquery_ujs.js - 304 Not Modified (0ms)


Started GET "/assets/application.js?body=1" for 127.0.0.1 at 2014-06-07 13:54:56 -0700
Served asset /application.js - 304 Not Modified (0ms)


Started GET "/assets/jquery.js?body=1" for 127.0.0.1 at 2014-06-07 13:54:56 -0700
Served asset /jquery.js - 304 Not Modified (0ms)


Started GET "/" for 127.0.0.1 at 2014-06-07 13:55:04 -0700
Processing by ActivitiesController#index as HTML
  Rendered activities/index.html.erb within layouts/application (0.0ms)
Compiled style.css  (0ms)  (pid 15447)
Compiled application.css  (0ms)  (pid 15447)
  Rendered shared/_header.html.erb (0.0ms)
Completed 200 OK in 13ms (Views: 12.8ms | ActiveRecord: 0.0ms)


Started GET "/assets/application.css?body=1" for 127.0.0.1 at 2014-06-07 13:55:04 -0700
Served asset /application.css - 304 Not Modified (4ms)


Started GET "/assets/jquery.js?body=1" for 127.0.0.1 at 2014-06-07 13:55:04 -0700
Served asset /jquery.js - 304 Not Modified (0ms)


Started GET "/assets/style.css?body=1" for 127.0.0.1 at 2014-06-07 13:55:04 -0700
Served asset /style.css - 200 OK (1ms)


Started GET "/assets/activity_controller.js?body=1" for 127.0.0.1 at 2014-06-07 13:55:04 -0700
Served asset /activity_controller.js - 304 Not Modified (0ms)


Started GET "/assets/jquery_ujs.js?body=1" for 127.0.0.1 at 2014-06-07 13:55:04 -0700
Served asset /jquery_ujs.js - 304 Not Modified (0ms)


Started GET "/assets/application.js?body=1" for 127.0.0.1 at 2014-06-07 13:55:04 -0700
Served asset /application.js - 304 Not Modified (0ms)


Started GET "/" for 127.0.0.1 at 2014-06-07 14:01:49 -0700
Processing by ActivitiesController#index as HTML
  Rendered activities/index.html.erb within layouts/application (0.3ms)
  Rendered shared/_header.html.erb (0.0ms)
Completed 200 OK in 4ms (Views: 4.0ms | ActiveRecord: 0.0ms)


Started GET "/assets/application.css?body=1" for 127.0.0.1 at 2014-06-07 14:01:49 -0700
Served asset /application.css - 304 Not Modified (0ms)


Started GET "/assets/jquery.js?body=1" for 127.0.0.1 at 2014-06-07 14:01:49 -0700
Served asset /jquery.js - 304 Not Modified (0ms)


Started GET "/assets/style.css?body=1" for 127.0.0.1 at 2014-06-07 14:01:49 -0700
Served asset /style.css - 304 Not Modified (0ms)


Started GET "/assets/jquery_ujs.js?body=1" for 127.0.0.1 at 2014-06-07 14:01:49 -0700
Served asset /jquery_ujs.js - 304 Not Modified (0ms)


Started GET "/assets/application.js?body=1" for 127.0.0.1 at 2014-06-07 14:01:49 -0700
Served asset /application.js - 304 Not Modified (0ms)


Started GET "/assets/activity_controller.js?body=1" for 127.0.0.1 at 2014-06-07 14:01:49 -0700
Served asset /activity_controller.js - 304 Not Modified (0ms)


Started GET "/" for 127.0.0.1 at 2014-06-07 14:02:32 -0700
Processing by ActivitiesController#index as HTML
  Rendered activities/index.html.erb within layouts/application (0.3ms)
  Rendered shared/_header.html.erb (0.0ms)
Completed 200 OK in 4ms (Views: 3.8ms | ActiveRecord: 0.0ms)


Started GET "/assets/application.css?body=1" for 127.0.0.1 at 2014-06-07 14:02:32 -0700
Served asset /application.css - 304 Not Modified (0ms)


Started GET "/assets/style.css?body=1" for 127.0.0.1 at 2014-06-07 14:02:32 -0700
Served asset /style.css - 304 Not Modified (0ms)


Started GET "/assets/jquery.js?body=1" for 127.0.0.1 at 2014-06-07 14:02:32 -0700
Served asset /jquery.js - 304 Not Modified (0ms)


Started GET "/assets/jquery_ujs.js?body=1" for 127.0.0.1 at 2014-06-07 14:02:32 -0700
Served asset /jquery_ujs.js - 304 Not Modified (0ms)


Started GET "/assets/activity_controller.js?body=1" for 127.0.0.1 at 2014-06-07 14:02:32 -0700
Served asset /activity_controller.js - 304 Not Modified (0ms)


Started GET "/assets/application.js?body=1" for 127.0.0.1 at 2014-06-07 14:02:32 -0700
Served asset /application.js - 304 Not Modified (0ms)


Started GET "/" for 127.0.0.1 at 2014-06-07 14:03:18 -0700
Processing by ActivitiesController#index as HTML
  Rendered activities/index.html.erb within layouts/application (0.3ms)
  Rendered shared/_header.html.erb (0.0ms)
Completed 200 OK in 4ms (Views: 4.1ms | ActiveRecord: 0.0ms)


Started GET "/assets/jquery.js?body=1" for 127.0.0.1 at 2014-06-07 14:03:18 -0700
Served asset /jquery.js - 304 Not Modified (0ms)


Started GET "/assets/application.css?body=1" for 127.0.0.1 at 2014-06-07 14:03:18 -0700
Served asset /application.css - 304 Not Modified (0ms)


Started GET "/assets/style.css?body=1" for 127.0.0.1 at 2014-06-07 14:03:18 -0700
Served asset /style.css - 304 Not Modified (0ms)


Started GET "/assets/application.js?body=1" for 127.0.0.1 at 2014-06-07 14:03:18 -0700
Served asset /application.js - 304 Not Modified (0ms)


Started GET "/assets/jquery_ujs.js?body=1" for 127.0.0.1 at 2014-06-07 14:03:18 -0700
Served asset /jquery_ujs.js - 304 Not Modified (0ms)


Started GET "/assets/activity_controller.js?body=1" for 127.0.0.1 at 2014-06-07 14:03:18 -0700
Served asset /activity_controller.js - 304 Not Modified (0ms)


Started GET "/" for 127.0.0.1 at 2014-06-07 14:03:38 -0700
Processing by ActivitiesController#index as HTML
  Rendered activities/index.html.erb within layouts/application (0.3ms)
  Rendered shared/_header.html.erb (0.0ms)
Completed 200 OK in 4ms (Views: 4.1ms | ActiveRecord: 0.0ms)


Started GET "/assets/application.css?body=1" for 127.0.0.1 at 2014-06-07 14:03:38 -0700
Served asset /application.css - 304 Not Modified (0ms)


Started GET "/assets/activity_controller.js?body=1" for 127.0.0.1 at 2014-06-07 14:03:38 -0700
Served asset /activity_controller.js - 304 Not Modified (0ms)


Started GET "/assets/style.css?body=1" for 127.0.0.1 at 2014-06-07 14:03:38 -0700
Served asset /style.css - 304 Not Modified (0ms)


Started GET "/assets/jquery.js?body=1" for 127.0.0.1 at 2014-06-07 14:03:38 -0700
Served asset /jquery.js - 304 Not Modified (0ms)


Started GET "/assets/jquery_ujs.js?body=1" for 127.0.0.1 at 2014-06-07 14:03:38 -0700
Served asset /jquery_ujs.js - 304 Not Modified (0ms)


Started GET "/assets/application.js?body=1" for 127.0.0.1 at 2014-06-07 14:03:38 -0700
Served asset /application.js - 304 Not Modified (0ms)


Started GET "/" for 127.0.0.1 at 2014-06-07 14:04:03 -0700
Processing by ActivitiesController#index as HTML
  Rendered activities/index.html.erb within layouts/application (0.4ms)
  Rendered shared/_header.html.erb (0.0ms)
Completed 200 OK in 5ms (Views: 4.7ms | ActiveRecord: 0.0ms)


Started GET "/assets/application.css?body=1" for 127.0.0.1 at 2014-06-07 14:04:03 -0700
Served asset /application.css - 304 Not Modified (0ms)


Started GET "/assets/style.css?body=1" for 127.0.0.1 at 2014-06-07 14:04:03 -0700
Served asset /style.css - 304 Not Modified (0ms)


Started GET "/assets/jquery.js?body=1" for 127.0.0.1 at 2014-06-07 14:04:03 -0700
Served asset /jquery.js - 304 Not Modified (0ms)


Started GET "/assets/activity_controller.js?body=1" for 127.0.0.1 at 2014-06-07 14:04:03 -0700
Served asset /activity_controller.js - 304 Not Modified (0ms)


Started GET "/assets/jquery_ujs.js?body=1" for 127.0.0.1 at 2014-06-07 14:04:03 -0700
Served asset /jquery_ujs.js - 304 Not Modified (0ms)


Started GET "/assets/application.js?body=1" for 127.0.0.1 at 2014-06-07 14:04:03 -0700
Served asset /application.js - 304 Not Modified (0ms)


Started GET "/" for 127.0.0.1 at 2014-06-07 14:08:41 -0700
Processing by ActivitiesController#index as HTML
  Rendered activities/index.html.erb within layouts/application (0.4ms)
  Rendered shared/_header.html.erb (0.0ms)
Completed 200 OK in 5ms (Views: 4.7ms | ActiveRecord: 0.0ms)


Started GET "/assets/application.css?body=1" for 127.0.0.1 at 2014-06-07 14:08:41 -0700
Served asset /application.css - 304 Not Modified (0ms)


Started GET "/assets/activity_controller.js?body=1" for 127.0.0.1 at 2014-06-07 14:08:42 -0700
Served asset /activity_controller.js - 304 Not Modified (0ms)


Started GET "/assets/style.css?body=1" for 127.0.0.1 at 2014-06-07 14:08:42 -0700
Served asset /style.css - 304 Not Modified (0ms)


Started GET "/assets/application.js?body=1" for 127.0.0.1 at 2014-06-07 14:08:42 -0700
Served asset /application.js - 304 Not Modified (0ms)


Started GET "/assets/jquery.js?body=1" for 127.0.0.1 at 2014-06-07 14:08:42 -0700
Served asset /jquery.js - 304 Not Modified (0ms)


Started GET "/assets/jquery_ujs.js?body=1" for 127.0.0.1 at 2014-06-07 14:08:42 -0700
Served asset /jquery_ujs.js - 304 Not Modified (0ms)


Started GET "/" for 127.0.0.1 at 2014-06-07 14:09:01 -0700
Processing by ActivitiesController#index as HTML
  Rendered activities/index.html.erb within layouts/application (0.3ms)
  Rendered shared/_header.html.erb (0.0ms)
Completed 200 OK in 4ms (Views: 4.0ms | ActiveRecord: 0.0ms)


Started GET "/assets/application.css?body=1" for 127.0.0.1 at 2014-06-07 14:09:01 -0700
Served asset /application.css - 304 Not Modified (0ms)


Started GET "/assets/style.css?body=1" for 127.0.0.1 at 2014-06-07 14:09:01 -0700
Served asset /style.css - 304 Not Modified (0ms)


Started GET "/assets/jquery.js?body=1" for 127.0.0.1 at 2014-06-07 14:09:01 -0700
Served asset /jquery.js - 304 Not Modified (0ms)


Started GET "/assets/jquery_ujs.js?body=1" for 127.0.0.1 at 2014-06-07 14:09:01 -0700
Served asset /jquery_ujs.js - 304 Not Modified (0ms)


Started GET "/assets/activity_controller.js?body=1" for 127.0.0.1 at 2014-06-07 14:09:01 -0700
Served asset /activity_controller.js - 304 Not Modified (0ms)


Started GET "/assets/application.js?body=1" for 127.0.0.1 at 2014-06-07 14:09:01 -0700
Served asset /application.js - 304 Not Modified (0ms)


Started GET "/" for 127.0.0.1 at 2014-06-07 14:09:20 -0700
Processing by ActivitiesController#index as HTML
  Rendered activities/index.html.erb within layouts/application (0.3ms)
  Rendered shared/_header.html.erb (0.0ms)
Completed 200 OK in 34ms (Views: 33.8ms | ActiveRecord: 0.0ms)


Started GET "/assets/jquery.js?body=1" for 127.0.0.1 at 2014-06-07 14:09:20 -0700
Served asset /jquery.js - 304 Not Modified (0ms)


Started GET "/assets/jquery_ujs.js?body=1" for 127.0.0.1 at 2014-06-07 14:09:21 -0700
Served asset /jquery_ujs.js - 304 Not Modified (0ms)


Started GET "/assets/application.css?body=1" for 127.0.0.1 at 2014-06-07 14:09:21 -0700
Served asset /application.css - 304 Not Modified (0ms)


Started GET "/assets/style.css?body=1" for 127.0.0.1 at 2014-06-07 14:09:21 -0700
Served asset /style.css - 304 Not Modified (0ms)


Started GET "/assets/application.js?body=1" for 127.0.0.1 at 2014-06-07 14:09:21 -0700
Served asset /application.js - 304 Not Modified (0ms)


Started GET "/assets/activity_controller.js?body=1" for 127.0.0.1 at 2014-06-07 14:09:21 -0700
Served asset /activity_controller.js - 304 Not Modified (0ms)


Started GET "/" for 127.0.0.1 at 2014-06-07 14:10:10 -0700
Processing by ActivitiesController#index as HTML
  Rendered activities/index.html.erb within layouts/application (0.3ms)
  Rendered shared/_header.html.erb (0.0ms)
Completed 200 OK in 5ms (Views: 5.0ms | ActiveRecord: 0.0ms)


Started GET "/assets/application.css?body=1" for 127.0.0.1 at 2014-06-07 14:10:10 -0700
Served asset /application.css - 304 Not Modified (0ms)


Started GET "/assets/style.css?body=1" for 127.0.0.1 at 2014-06-07 14:10:10 -0700
Served asset /style.css - 304 Not Modified (0ms)


Started GET "/assets/jquery.js?body=1" for 127.0.0.1 at 2014-06-07 14:10:10 -0700
Served asset /jquery.js - 304 Not Modified (0ms)


Started GET "/assets/jquery_ujs.js?body=1" for 127.0.0.1 at 2014-06-07 14:10:10 -0700
Served asset /jquery_ujs.js - 304 Not Modified (0ms)


Started GET "/assets/application.js?body=1" for 127.0.0.1 at 2014-06-07 14:10:10 -0700
Served asset /application.js - 304 Not Modified (0ms)


Started GET "/assets/activity_controller.js?body=1" for 127.0.0.1 at 2014-06-07 14:10:10 -0700
Served asset /activity_controller.js - 304 Not Modified (0ms)
Connecting to database specified by database.yml
Connecting to database specified by database.yml
  [1m[36m (18.5ms)[0m  [1mCREATE TABLE "schema_migrations" ("version" character varying(255) NOT NULL) [0m
  [1m[35m (2.6ms)[0m  CREATE UNIQUE INDEX "unique_schema_migrations" ON "schema_migrations" ("version")
  [1m[36m (0.2ms)[0m  [1mSELECT "schema_migrations"."version" FROM "schema_migrations" [0m
Connecting to database specified by database.yml
